<?xml version="1.0" encoding="UTF-8"?>
<!-- Generated by org.testng.reporters.JUnitReportReporter -->
<testsuite hostname="SYAM-DS0F3D813" name="parallelMethods.ParallelMethods" tests="3" failures="0" timestamp="11 May 2018 06:23:12 GMT" time="70.924" errors="0">
  <testcase name="executeSessionTwo" time="29.855" classname="parallelMethods.ParallelMethods"/>
  <testcase name="executSessionThree" time="21.006" classname="parallelMethods.ParallelMethods"/>
  <testcase name="executSessionOne" time="20.063" classname="parallelMethods.ParallelMethods"/>
</testsuite> <!-- parallelMethods.ParallelMethods -->
