<?xml version="1.0" encoding="UTF-8"?>
<!-- Generated by org.testng.reporters.JUnitReportReporter -->
<testsuite hostname="SYAM-DS0F3D813" name="parallelClasses.InternetExplorer" tests="1" failures="0" timestamp="11 May 2018 06:32:55 GMT" time="17.470" errors="0">
  <testcase name="f" time="17.470" classname="parallelClasses.InternetExplorer"/>
</testsuite> <!-- parallelClasses.InternetExplorer -->
